<?xml version="1.0" encoding="UTF-8"?>
<testsuite xmlns:xsi="http://www.w3.org/2001/XMLSchema-instance" xsi:noNamespaceSchemaLocation="https://maven.apache.org/surefire/maven-surefire-plugin/xsd/surefire-test-report.xsd" name="Basic Arithmetic" time="0.188" tests="4" errors="0" skipped="0" failures="0">
  <properties>
    <property name="java.specification.version" value="22"/>
    <property name="sun.jnu.encoding" value="UTF-8"/>
    <property name="java.class.path" value="/Users/annabriancon/Documents/notes_cours_iut/S6/R6.A.06 Maintenance appl/maintenance_application/junit5-cucumber-maven-starter/target/test-classes:/Users/annabriancon/Documents/notes_cours_iut/S6/R6.A.06 Maintenance appl/maintenance_application/junit5-cucumber-maven-starter/target/classes:/Users/annabriancon/.m2/repository/io/cucumber/cucumber-java/6.10.3/cucumber-java-6.10.3.jar:/Users/annabriancon/.m2/repository/io/cucumber/cucumber-core/6.10.3/cucumber-core-6.10.3.jar:/Users/annabriancon/.m2/repository/io/cucumber/cucumber-gherkin/6.10.3/cucumber-gherkin-6.10.3.jar:/Users/annabriancon/.m2/repository/io/cucumber/cucumber-gherkin-messages/6.10.3/cucumber-gherkin-messages-6.10.3.jar:/Users/annabriancon/.m2/repository/io/cucumber/messages/15.0.0/messages-15.0.0.jar:/Users/annabriancon/.m2/repository/io/cucumber/tag-expressions/3.0.1/tag-expressions-3.0.1.jar:/Users/annabriancon/.m2/repository/io/cucumber/cucumber-expressions/10.3.0/cucumber-expressions-10.3.0.jar:/Users/annabriancon/.m2/repository/io/cucumber/datatable/3.5.0/datatable-3.5.0.jar:/Users/annabriancon/.m2/repository/io/cucumber/cucumber-plugin/6.10.3/cucumber-plugin-6.10.3.jar:/Users/annabriancon/.m2/repository/io/cucumber/docstring/6.10.3/docstring-6.10.3.jar:/Users/annabriancon/.m2/repository/io/cucumber/html-formatter/13.0.0/html-formatter-13.0.0.jar:/Users/annabriancon/.m2/repository/io/cucumber/create-meta/4.0.0/create-meta-4.0.0.jar:/Users/annabriancon/.m2/repository/org/apiguardian/apiguardian-api/1.1.1/apiguardian-api-1.1.1.jar:/Users/annabriancon/.m2/repository/io/cucumber/cucumber-junit-platform-engine/6.10.3/cucumber-junit-platform-engine-6.10.3.jar:/Users/annabriancon/.m2/repository/org/junit/platform/junit-platform-engine/1.7.1/junit-platform-engine-1.7.1.jar:/Users/annabriancon/.m2/repository/org/opentest4j/opentest4j/1.2.0/opentest4j-1.2.0.jar:/Users/annabriancon/.m2/repository/org/junit/platform/junit-platform-commons/1.7.1/junit-platform-commons-1.7.1.jar:/Users/annabriancon/.m2/repository/org/junit/jupiter/junit-jupiter-engine/5.7.1/junit-jupiter-engine-5.7.1.jar:/Users/annabriancon/.m2/repository/org/junit/jupiter/junit-jupiter-api/5.7.1/junit-jupiter-api-5.7.1.jar:"/>
    <property name="java.vm.vendor" value="Homebrew"/>
    <property name="sun.arch.data.model" value="64"/>
    <property name="java.vendor.url" value="https://github.com/Homebrew/homebrew-core/issues"/>
    <property name="os.name" value="Mac OS X"/>
    <property name="java.vm.specification.version" value="22"/>
    <property name="sun.java.launcher" value="SUN_STANDARD"/>
    <property name="user.country" value="FR"/>
    <property name="sun.boot.library.path" value="/opt/homebrew/Cellar/openjdk/22.0.1/libexec/openjdk.jdk/Contents/Home/lib"/>
    <property name="sun.java.command" value="/Users/annabriancon/Documents/notes_cours_iut/S6/R6.A.06 Maintenance appl/maintenance_application/junit5-cucumber-maven-starter/target/surefire/surefirebooter4732415852488810344.jar /Users/annabriancon/Documents/notes_cours_iut/S6/R6.A.06 Maintenance appl/maintenance_application/junit5-cucumber-maven-starter/target/surefire 2024-06-20T16-37-33_423-jvmRun1 surefire11732989301693063467tmp surefire_012411964724715653693tmp"/>
    <property name="jdk.debug" value="release"/>
    <property name="surefire.test.class.path" value="/Users/annabriancon/Documents/notes_cours_iut/S6/R6.A.06 Maintenance appl/maintenance_application/junit5-cucumber-maven-starter/target/test-classes:/Users/annabriancon/Documents/notes_cours_iut/S6/R6.A.06 Maintenance appl/maintenance_application/junit5-cucumber-maven-starter/target/classes:/Users/annabriancon/.m2/repository/io/cucumber/cucumber-java/6.10.3/cucumber-java-6.10.3.jar:/Users/annabriancon/.m2/repository/io/cucumber/cucumber-core/6.10.3/cucumber-core-6.10.3.jar:/Users/annabriancon/.m2/repository/io/cucumber/cucumber-gherkin/6.10.3/cucumber-gherkin-6.10.3.jar:/Users/annabriancon/.m2/repository/io/cucumber/cucumber-gherkin-messages/6.10.3/cucumber-gherkin-messages-6.10.3.jar:/Users/annabriancon/.m2/repository/io/cucumber/messages/15.0.0/messages-15.0.0.jar:/Users/annabriancon/.m2/repository/io/cucumber/tag-expressions/3.0.1/tag-expressions-3.0.1.jar:/Users/annabriancon/.m2/repository/io/cucumber/cucumber-expressions/10.3.0/cucumber-expressions-10.3.0.jar:/Users/annabriancon/.m2/repository/io/cucumber/datatable/3.5.0/datatable-3.5.0.jar:/Users/annabriancon/.m2/repository/io/cucumber/cucumber-plugin/6.10.3/cucumber-plugin-6.10.3.jar:/Users/annabriancon/.m2/repository/io/cucumber/docstring/6.10.3/docstring-6.10.3.jar:/Users/annabriancon/.m2/repository/io/cucumber/html-formatter/13.0.0/html-formatter-13.0.0.jar:/Users/annabriancon/.m2/repository/io/cucumber/create-meta/4.0.0/create-meta-4.0.0.jar:/Users/annabriancon/.m2/repository/org/apiguardian/apiguardian-api/1.1.1/apiguardian-api-1.1.1.jar:/Users/annabriancon/.m2/repository/io/cucumber/cucumber-junit-platform-engine/6.10.3/cucumber-junit-platform-engine-6.10.3.jar:/Users/annabriancon/.m2/repository/org/junit/platform/junit-platform-engine/1.7.1/junit-platform-engine-1.7.1.jar:/Users/annabriancon/.m2/repository/org/opentest4j/opentest4j/1.2.0/opentest4j-1.2.0.jar:/Users/annabriancon/.m2/repository/org/junit/platform/junit-platform-commons/1.7.1/junit-platform-commons-1.7.1.jar:/Users/annabriancon/.m2/repository/org/junit/jupiter/junit-jupiter-engine/5.7.1/junit-jupiter-engine-5.7.1.jar:/Users/annabriancon/.m2/repository/org/junit/jupiter/junit-jupiter-api/5.7.1/junit-jupiter-api-5.7.1.jar:"/>
    <property name="sun.cpu.endian" value="little"/>
    <property name="user.home" value="/Users/annabriancon"/>
    <property name="user.language" value="fr"/>
    <property name="java.specification.vendor" value="Oracle Corporation"/>
    <property name="java.version.date" value="2024-04-16"/>
    <property name="java.home" value="/opt/homebrew/Cellar/openjdk/22.0.1/libexec/openjdk.jdk/Contents/Home"/>
    <property name="file.separator" value="/"/>
    <property name="basedir" value="/Users/annabriancon/Documents/notes_cours_iut/S6/R6.A.06 Maintenance appl/maintenance_application/junit5-cucumber-maven-starter"/>
    <property name="java.vm.compressedOopsMode" value="Zero based"/>
    <property name="line.separator" value="&#10;"/>
    <property name="java.specification.name" value="Java Platform API Specification"/>
    <property name="java.vm.specification.vendor" value="Oracle Corporation"/>
    <property name="apple.awt.application.name" value="ForkedBooter"/>
    <property name="surefire.real.class.path" value="/Users/annabriancon/Documents/notes_cours_iut/S6/R6.A.06 Maintenance appl/maintenance_application/junit5-cucumber-maven-starter/target/surefire/surefirebooter4732415852488810344.jar"/>
    <property name="sun.management.compiler" value="HotSpot 64-Bit Tiered Compilers"/>
    <property name="java.runtime.version" value="22.0.1"/>
    <property name="user.name" value="annabriancon"/>
    <property name="stdout.encoding" value="UTF-8"/>
    <property name="path.separator" value=":"/>
    <property name="os.version" value="14.5"/>
    <property name="java.runtime.name" value="OpenJDK Runtime Environment"/>
    <property name="file.encoding" value="UTF-8"/>
    <property name="java.vm.name" value="OpenJDK 64-Bit Server VM"/>
    <property name="java.vendor.version" value="Homebrew"/>
    <property name="localRepository" value="/Users/annabriancon/.m2/repository"/>
    <property name="java.vendor.url.bug" value="https://github.com/Homebrew/homebrew-core/issues"/>
    <property name="java.io.tmpdir" value="/var/folders/3x/mmt0bkqn5k3dl34msl0td_sc0000gn/T/"/>
    <property name="java.version" value="22.0.1"/>
    <property name="user.dir" value="/Users/annabriancon/Documents/notes_cours_iut/S6/R6.A.06 Maintenance appl/maintenance_application/junit5-cucumber-maven-starter"/>
    <property name="os.arch" value="aarch64"/>
    <property name="java.vm.specification.name" value="Java Virtual Machine Specification"/>
    <property name="native.encoding" value="UTF-8"/>
    <property name="java.library.path" value="/Users/annabriancon/Library/Java/Extensions:/Library/Java/Extensions:/Network/Library/Java/Extensions:/System/Library/Java/Extensions:/usr/lib/java:."/>
    <property name="java.vm.info" value="mixed mode, sharing"/>
    <property name="stderr.encoding" value="UTF-8"/>
    <property name="java.vendor" value="Homebrew"/>
    <property name="java.vm.version" value="22.0.1"/>
    <property name="sun.io.unicode.encoding" value="UnicodeBig"/>
    <property name="java.class.version" value="66.0"/>
  </properties>
  <testcase name="Addition" classname="Basic Arithmetic" time="0.16"/>
  <testcase name="Substraction" classname="Basic Arithmetic" time="0.007"/>
  <testcase name="Example #1" classname="Single digits" time="0.013"/>
  <testcase name="Example #2" classname="Single digits" time="0.005"/>
</testsuite>